TN:
SF:src/App.jsx
FN:4,App
FN:21,fetchStudents
FN:36,handleChange
FN:43,handleSubmit
FNF:4
FNH:3
FNDA:43,App
FNDA:13,fetchStudents
FNDA:24,handleChange
FNDA:0,handleSubmit
DA:1,1
DA:2,1
DA:4,1
DA:5,43
DA:6,43
DA:7,43
DA:8,43
DA:9,43
DA:10,43
DA:11,43
DA:12,43
DA:13,43
DA:14,43
DA:15,43
DA:16,43
DA:17,43
DA:18,43
DA:21,43
DA:22,13
DA:23,13
DA:24,13
DA:25,13
DA:26,13
DA:27,0
DA:28,0
DA:29,13
DA:31,43
DA:32,13
DA:33,43
DA:36,43
DA:37,24
DA:38,24
DA:43,43
DA:44,0
DA:47,0
DA:48,0
DA:49,0
DA:50,0
DA:51,0
DA:52,0
DA:53,0
DA:54,0
DA:55,0
DA:56,0
DA:57,0
DA:58,0
DA:59,0
DA:60,0
DA:61,0
DA:62,0
DA:65,43
DA:66,43
DA:68,43
DA:69,43
DA:70,43
DA:71,43
DA:72,43
DA:73,43
DA:74,43
DA:76,43
DA:77,43
DA:79,43
DA:80,43
DA:82,43
DA:83,43
DA:84,43
DA:85,43
DA:86,43
DA:87,43
DA:88,43
DA:89,43
DA:90,43
DA:91,43
DA:92,43
DA:95,43
DA:96,43
DA:98,43
DA:99,43
DA:100,43
DA:101,43
DA:102,43
DA:103,43
DA:104,43
DA:105,43
DA:106,43
DA:107,43
DA:108,43
DA:111,43
DA:112,43
DA:114,43
DA:115,43
DA:116,43
DA:117,43
DA:118,43
DA:119,43
DA:120,43
DA:121,43
DA:122,43
DA:123,43
DA:126,43
DA:127,43
DA:129,43
DA:130,43
DA:131,43
DA:132,43
DA:133,43
DA:134,43
DA:135,43
DA:137,43
DA:138,43
DA:139,43
DA:140,43
DA:141,43
DA:142,43
DA:145,43
DA:146,43
DA:147,43
DA:148,43
DA:149,43
DA:150,43
DA:152,43
DA:153,43
DA:154,43
DA:155,43
DA:158,43
DA:159,43
DA:161,43
DA:163,43
DA:164,1
DA:166,1
DA:168,42
DA:169,42
DA:170,42
DA:171,42
DA:172,42
DA:173,42
DA:174,42
DA:175,42
DA:176,42
DA:177,42
DA:178,42
DA:179,42
DA:180,42
DA:181,42
DA:182,42
DA:183,42
DA:184,42
DA:185,42
DA:186,42
DA:187,42
DA:188,42
DA:189,42
DA:190,42
DA:191,42
DA:192,42
DA:193,42
DA:194,42
DA:195,42
DA:196,42
DA:197,42
DA:198,42
DA:200,43
DA:201,43
DA:203,43
DA:205,1
LF:165
LH:146
BRDA:4,0,0,43
BRDA:163,1,0,1
BRDA:166,2,0,42
BRDA:21,3,0,13
BRDA:26,4,0,0
BRDA:31,5,0,13
BRDA:36,6,0,24
BRDA:179,7,0,42
BRF:8
BRH:7
end_of_record
